<?xml version="1.0" encoding="UTF-8"?>
<testng-results skipped="0" failed="0" total="1" passed="1">
  <reporter-output>
  </reporter-output>
  <suite name="Default suite" duration-ms="26382" started-at="2019-08-16T21:14:02Z" finished-at="2019-08-16T21:14:29Z">
    <groups>
    </groups>
    <test name="Default test" duration-ms="26382" started-at="2019-08-16T21:14:02Z" finished-at="2019-08-16T21:14:29Z">
      <class name="Automation.FirstTestCase">
        <test-method status="PASS" signature="testFb()[pri:0, instance:Automation.FirstTestCase@1bd9247]" name="testFb" duration-ms="25127" started-at="2019-08-16T23:14:02Z" finished-at="2019-08-16T23:14:28Z">
          <reporter-output>
          </reporter-output>
        </test-method> <!-- testFb -->
        <test-method status="PASS" signature="tearDown()[pri:0, instance:Automation.FirstTestCase@1bd9247]" name="tearDown" is-config="true" duration-ms="1221" started-at="2019-08-16T23:14:28Z" finished-at="2019-08-16T23:14:29Z">
          <reporter-output>
          </reporter-output>
        </test-method> <!-- tearDown -->
      </class> <!-- Automation.FirstTestCase -->
    </test> <!-- Default test -->
  </suite> <!-- Default suite -->
</testng-results>
